<?xml version="1.0" encoding="UTF-8"?>
<!-- Generated by org.testng.reporters.JUnitXMLReporter -->
<testsuite ignored="8" hostname="Priyanka" failures="1" tests="5" name="Test" time="34.08" errors="0" timestamp="2023-05-29T15:15:39 IST">
  <testcase classname="usermodule.RemoveProduct" name="removeproduct" time="0.006">
    <failure type="java.lang.Error" message="Unresolved compilation problem: 
	brynitimeGenericLibrary.Retryanalyzerimplementation cannot be resolved to a variable
">
      <![CDATA[java.lang.Error: Unresolved compilation problem: 
brynitimeGenericLibrary.Retryanalyzerimplementation cannot be resolved to a variable

at usermodule.RemoveProduct.removeproduct(RemoveProduct.java:40)
at java.base/java.util.concurrent.ThreadPoolExecutor.runWorker(ThreadPoolExecutor.java:1136)
at java.base/java.util.concurrent.ThreadPoolExecutor$Worker.run(ThreadPoolExecutor.java:635)
at java.base/java.lang.Thread.run(Thread.java:833)
... Removed 12 stack frames]]>
    </failure>
  </testcase> <!-- removeproduct -->
  <testcase classname="usermodule.Addproductincart" name="addproduct" time="13.003"/>
  <testcase classname="usermodule.Trackordertest" name="trackorder" time="16.386"/>
  <testcase classname="usermodule.IncreasequantityTest" name="increasequantity" time="23.086"/>
  <testcase classname="usermodule.Displayorderedproduct" name="diplayproduct" time="20.772"/>
  <testcase classname="brynitimeGenericLibrary.BaseClass" name="@BeforeSuite bsconfig" time="0.0">
    <ignored/>
  </testcase> <!-- @BeforeSuite bsconfig -->
  <testcase classname="brynitimeGenericLibrary.BaseClass" name="@BeforeSuite bsconfig" time="0.0">
    <ignored/>
  </testcase> <!-- @BeforeSuite bsconfig -->
  <testcase classname="brynitimeGenericLibrary.BaseClass" name="@BeforeSuite bsconfig" time="0.0">
    <ignored/>
  </testcase> <!-- @BeforeSuite bsconfig -->
  <testcase classname="brynitimeGenericLibrary.BaseClass" name="@BeforeSuite bsconfig" time="0.0">
    <ignored/>
  </testcase> <!-- @BeforeSuite bsconfig -->
  <testcase classname="brynitimeGenericLibrary.BaseClass" name="@AfterSuite acconfig" time="0.0">
    <ignored/>
  </testcase> <!-- @AfterSuite acconfig -->
  <testcase classname="brynitimeGenericLibrary.BaseClass" name="@AfterSuite acconfig" time="0.0">
    <ignored/>
  </testcase> <!-- @AfterSuite acconfig -->
  <testcase classname="brynitimeGenericLibrary.BaseClass" name="@AfterSuite acconfig" time="0.0">
    <ignored/>
  </testcase> <!-- @AfterSuite acconfig -->
  <testcase classname="brynitimeGenericLibrary.BaseClass" name="@AfterSuite acconfig" time="0.0">
    <ignored/>
  </testcase> <!-- @AfterSuite acconfig -->
</testsuite> <!-- Test -->
