<?xml version="1.0" encoding="UTF-8"?>
<testng-results ignored="0" total="1" passed="1" failed="0" skipped="0">
  <reporter-output>
  </reporter-output>
  <suite started-at="2023-06-02T15:42:42 IST" name="Default suite" finished-at="2023-06-02T15:42:54 IST" duration-ms="11956">
    <groups>
    </groups>
    <test started-at="2023-06-02T15:42:42 IST" name="Default test" finished-at="2023-06-02T15:42:54 IST" duration-ms="11956">
      <class name="usermodule.Addproductincart">
        <test-method is-config="true" signature="bsconfig()[pri:0, instance:usermodule.Addproductincart@45099dd3]" started-at="2023-06-02T15:42:12 IST" name="bsconfig" finished-at="2023-06-02T15:42:42 IST" duration-ms="30019" status="PASS">
          <reporter-output>
          </reporter-output>
        </test-method> <!-- bsconfig -->
        <test-method is-config="true" signature="bcconfig()[pri:0, instance:usermodule.Addproductincart@45099dd3]" started-at="2023-06-02T15:42:42 IST" name="bcconfig" finished-at="2023-06-02T15:42:45 IST" duration-ms="3845" status="PASS">
          <reporter-output>
          </reporter-output>
        </test-method> <!-- bcconfig -->
        <test-method is-config="true" signature="bmconfig()[pri:0, instance:usermodule.Addproductincart@45099dd3]" started-at="2023-06-02T15:42:46 IST" name="bmconfig" finished-at="2023-06-02T15:42:47 IST" duration-ms="1314" status="PASS">
          <reporter-output>
          </reporter-output>
        </test-method> <!-- bmconfig -->
        <test-method signature="addproduct()[pri:0, instance:usermodule.Addproductincart@45099dd3]" started-at="2023-06-02T15:42:47 IST" name="addproduct" finished-at="2023-06-02T15:42:53 IST" duration-ms="6093" status="PASS">
          <reporter-output>
          </reporter-output>
        </test-method> <!-- addproduct -->
        <test-method is-config="true" signature="amconfig()[pri:0, instance:usermodule.Addproductincart@45099dd3]" started-at="2023-06-02T15:42:53 IST" name="amconfig" finished-at="2023-06-02T15:42:53 IST" duration-ms="512" status="PASS">
          <reporter-output>
          </reporter-output>
        </test-method> <!-- amconfig -->
        <test-method is-config="true" signature="acConfig()[pri:0, instance:usermodule.Addproductincart@45099dd3]" started-at="2023-06-02T15:42:53 IST" name="acConfig" finished-at="2023-06-02T15:42:54 IST" duration-ms="96" status="PASS">
          <reporter-output>
          </reporter-output>
        </test-method> <!-- acConfig -->
        <test-method is-config="true" signature="acconfig()[pri:0, instance:usermodule.Addproductincart@45099dd3]" started-at="2023-06-02T15:42:54 IST" name="acconfig" finished-at="2023-06-02T15:42:54 IST" duration-ms="0" status="PASS">
          <reporter-output>
          </reporter-output>
        </test-method> <!-- acconfig -->
      </class> <!-- usermodule.Addproductincart -->
    </test> <!-- Default test -->
  </suite> <!-- Default suite -->
</testng-results>
