<?xml version="1.0" encoding="UTF-8"?>
<testng-results ignored="0" total="1" passed="1" failed="0" skipped="0">
  <reporter-output>
  </reporter-output>
  <suite started-at="2023-06-02T12:55:13 IST" name="Default suite" finished-at="2023-06-02T12:55:21 IST" duration-ms="7489">
    <groups>
    </groups>
    <test started-at="2023-06-02T12:55:13 IST" name="Default test" finished-at="2023-06-02T12:55:21 IST" duration-ms="7489">
      <class name="usermodule.Trackordertest">
        <test-method is-config="true" signature="bsconfig()[pri:0, instance:usermodule.Trackordertest@4b45a2f5]" started-at="2023-06-02T12:55:13 IST" name="bsconfig" finished-at="2023-06-02T12:55:13 IST" duration-ms="6" status="PASS">
          <reporter-output>
          </reporter-output>
        </test-method> <!-- bsconfig -->
        <test-method is-config="true" signature="bcconfig()[pri:0, instance:usermodule.Trackordertest@4b45a2f5]" started-at="2023-06-02T12:55:13 IST" name="bcconfig" finished-at="2023-06-02T12:55:15 IST" duration-ms="1719" status="PASS">
          <reporter-output>
          </reporter-output>
        </test-method> <!-- bcconfig -->
        <test-method is-config="true" signature="bmconfig()[pri:0, instance:usermodule.Trackordertest@4b45a2f5]" started-at="2023-06-02T12:55:15 IST" name="bmconfig" finished-at="2023-06-02T12:55:16 IST" duration-ms="871" status="PASS">
          <reporter-output>
          </reporter-output>
        </test-method> <!-- bmconfig -->
        <test-method signature="trackorder()[pri:0, instance:usermodule.Trackordertest@4b45a2f5]" started-at="2023-06-02T12:55:16 IST" name="trackorder" finished-at="2023-06-02T12:55:21 IST" duration-ms="4483" status="PASS">
          <reporter-output>
          </reporter-output>
        </test-method> <!-- trackorder -->
        <test-method is-config="true" signature="amconfig()[pri:0, instance:usermodule.Trackordertest@4b45a2f5]" started-at="2023-06-02T12:55:21 IST" name="amconfig" finished-at="2023-06-02T12:55:21 IST" duration-ms="302" status="PASS">
          <reporter-output>
          </reporter-output>
        </test-method> <!-- amconfig -->
        <test-method is-config="true" signature="acConfig()[pri:0, instance:usermodule.Trackordertest@4b45a2f5]" started-at="2023-06-02T12:55:21 IST" name="acConfig" finished-at="2023-06-02T12:55:21 IST" duration-ms="93" status="PASS">
          <reporter-output>
          </reporter-output>
        </test-method> <!-- acConfig -->
        <test-method is-config="true" signature="acconfig()[pri:0, instance:usermodule.Trackordertest@4b45a2f5]" started-at="2023-06-02T12:55:21 IST" name="acconfig" finished-at="2023-06-02T12:55:21 IST" duration-ms="1" status="PASS">
          <reporter-output>
          </reporter-output>
        </test-method> <!-- acconfig -->
      </class> <!-- usermodule.Trackordertest -->
    </test> <!-- Default test -->
  </suite> <!-- Default suite -->
</testng-results>
